<?xml version="1.0" encoding="UTF-8"?>
<!-- Generated by org.testng.reporters.JUnitReportReporter -->
<testsuite hostname="Harishs-Air.domain.name" failures="0" tests="4" name="SeleniuCode.Mouseoperations" time="27.980" errors="0" timestamp="2024-06-02T16:17:21 IST" skipped="0">
  <testcase classname="SeleniuCode.Mouseoperations" name="setUp" time="6.273"/>
  <testcase classname="SeleniuCode.Mouseoperations" name="simpleAlert" time="7.250"/>
  <testcase classname="SeleniuCode.Mouseoperations" name="confirmAlert" time="7.827"/>
  <testcase classname="SeleniuCode.Mouseoperations" name="promptAlert" time="6.630"/>
</testsuite> <!-- SeleniuCode.Mouseoperations -->
