<?xml version="1.0" encoding="UTF-8"?>
<!-- Generated by org.testng.reporters.JUnitReportReporter -->
<testsuite hostname="Harishs-Air.domain.name" failures="0" tests="3" name="Selenium.interviewqs.ParrallelTest" time="0.084" errors="0" timestamp="2024-06-06T14:20:26 IST" skipped="0">
  <testcase classname="Selenium.interviewqs.ParrallelTest" name="M3" time="0.028"/>
  <testcase classname="Selenium.interviewqs.ParrallelTest" name="M2" time="0.028"/>
  <testcase classname="Selenium.interviewqs.ParrallelTest" name="M1" time="0.028"/>
</testsuite> <!-- Selenium.interviewqs.ParrallelTest -->
