<?xml version="1.0" encoding="UTF-8"?>
<!-- Generated by org.testng.reporters.JUnitReportReporter -->
<testsuite hostname="Harishs-Air.domain.name" failures="0" tests="3" name="Selenium.interviewqs.ParallelTest3" time="0.028" errors="0" timestamp="2024-06-06T14:15:59 IST" skipped="0">
  <testcase classname="Selenium.interviewqs.ParallelTest3" name="M2" time="0.005"/>
  <testcase classname="Selenium.interviewqs.ParallelTest3" name="M1" time="0.013"/>
  <testcase classname="Selenium.interviewqs.ParallelTest3" name="M3" time="0.010"/>
</testsuite> <!-- Selenium.interviewqs.ParallelTest3 -->
