<?xml version="1.0" encoding="UTF-8"?>
<!-- Generated by org.testng.reporters.JUnitReportReporter -->
<testsuite hostname="Harishs-Air.domain.name" failures="0" tests="2" name="Extentreports.ExtentreportsClass" time="46.729" errors="0" timestamp="2024-06-07T20:10:58 IST" skipped="0">
  <testcase classname="Extentreports.ExtentreportsClass" name="report" time="20.665"/>
  <testcase classname="Extentreports.ExtentreportsClass" name="fail" time="26.064"/>
</testsuite> <!-- Extentreports.ExtentreportsClass -->
