<?xml version="1.0" encoding="UTF-8"?>
<!-- Generated by org.testng.reporters.JUnitReportReporter -->
<testsuite hostname="Harishs-MacBook-Air.local" failures="0" tests="2" name="primus.login" time="64.082" errors="0" timestamp="2024-05-29T15:53:39 IST" skipped="0">
  <testcase classname="primus.login" name="branchCreation" time="48.298">
    <system-out>
      <![CDATA[New Branch with id 81 created Sucessfully]]>
    </system-out>
  </testcase> <!-- branchCreation -->
  <testcase classname="primus.login" name="loginTest" time="15.784"/>
  <system-out>
    <![CDATA[New Branch with id 81 created Sucessfully]]>
  </system-out>
</testsuite> <!-- primus.login -->
