<?xml version="1.0" encoding="UTF-8"?>
<!-- Generated by org.testng.reporters.JUnitReportReporter -->
<testsuite hostname="Harishs-Air.domain.name" failures="0" tests="1" name="Selenium.interviewqs.PageLoad" time="14.363" errors="0" timestamp="2024-06-06T13:29:47 IST" skipped="0">
  <testcase classname="Selenium.interviewqs.PageLoad" name="loadpage" time="14.363"/>
</testsuite> <!-- Selenium.interviewqs.PageLoad -->
