<?xml version="1.0" encoding="UTF-8"?>
<!-- Generated by org.testng.reporters.JUnitReportReporter -->
<testsuite hostname="Harishs-Air.domain.name" failures="0" tests="1" name="Selenium.interviewqs.YourTestClass" time="0.011" errors="0" timestamp="2024-05-29T16:28:54 IST" skipped="0">
  <testcase classname="Selenium.interviewqs.YourTestClass" name="testMethod" time="0.011"/>
</testsuite> <!-- Selenium.interviewqs.YourTestClass -->
